<?xml version="1.0" encoding="UTF-8"?>
<!-- Generated by org.testng.reporters.JUnitReportReporter -->
<testsuite hostname="DESKTOP-T6KLQOF" failures="0" tests="1" name="driverFactory.AppTest" time="96.941" errors="0" timestamp="2024-11-14T08:53:42 IST" skipped="0">
  <testcase classname="driverFactory.AppTest" name="kickStart" time="96.941">
    <system-out>
      <![CDATA[No of rows are::4
Stock-000003441     Stock-000003441
Supplier-00000007435         Supplier-00000007435
Customer-00000012855         Customer-00000012855]]>
    </system-out>
  </testcase> <!-- kickStart -->
  <system-out>
    <![CDATA[No of rows are::4
Stock-000003441     Stock-000003441
Supplier-00000007435         Supplier-00000007435
Customer-00000012855         Customer-00000012855]]>
  </system-out>
</testsuite> <!-- driverFactory.AppTest -->
